2016-04-24 01:55:07 DEBUG PreProceso:40 - ETL MNIST Pre procesando colección - generador ficheros de imágenes
2016-04-24 01:55:07 DEBUG PreProceso:47 - Parametros leídos desde web: 
2016-04-24 01:55:07 DEBUG PreProceso:48 - Parametro: descarga.mnist = no
2016-04-24 01:55:07 DEBUG PreProceso:49 - Parametro: directorio.mnist = 
2016-04-24 01:55:07 DEBUG PreProceso:50 - Parametro: obtenerN.images = 10
2016-04-24 01:55:07 DEBUG PreProceso:51 - Parametro: writeImage.to = ppm
2016-04-24 01:55:07 DEBUG Configuracion:53 - Config:Cargando propiedades del fichero:c:\ETL_Mnist\es\uem\config\configuracion.properties
2016-04-24 01:55:07 DEBUG PreProceso:32 - Preparando para procesar: 10 images
2016-04-24 01:55:07 DEBUG PreProceso:41 - Colección previamente descargada en: C:\uem\PFG\trabajo\MNIST/MNIST
2016-04-24 01:55:07 DEBUG PreProceso:53 - Generando imágenes PPM
2016-04-24 01:55:07 DEBUG PreProceso:54 - Write Image To PPM: 10
2016-04-24 01:55:07 DEBUG PreProceso:58 - Label:5
2016-04-24 01:55:08 DEBUG PreProceso:58 - Label:0
2016-04-24 01:55:08 DEBUG PreProceso:58 - Label:4
2016-04-24 01:55:08 DEBUG PreProceso:58 - Label:1
2016-04-24 01:55:08 DEBUG PreProceso:58 - Label:9
2016-04-24 01:55:08 DEBUG PreProceso:58 - Label:2
2016-04-24 01:55:08 DEBUG PreProceso:58 - Label:1
2016-04-24 01:55:08 DEBUG PreProceso:58 - Label:3
2016-04-24 01:55:08 DEBUG PreProceso:58 - Label:1
2016-04-24 01:55:08 DEBUG PreProceso:58 - Label:4
2016-04-24 01:55:08 DEBUG PreProceso:61 - Procesadas 10 imágenes
2016-04-24 01:55:08 DEBUG PreProceso:62 - Descargada colección en: C:\uem\PFG\trabajo\MNIST
2016-04-24 01:55:08 DEBUG PreProceso:63 - Ficheros generados en: C:\uem\PFG\trabajo
2016-04-24 02:00:19 DEBUG PreProceso:40 - ETL MNIST Pre procesando colección - generador ficheros de imágenes
2016-04-24 02:00:19 DEBUG PreProceso:47 - Parametros leídos desde web: 
2016-04-24 02:00:19 DEBUG PreProceso:48 - Parametro: descarga.mnist = no
2016-04-24 02:00:19 DEBUG PreProceso:49 - Parametro: directorio.mnist = 
2016-04-24 02:00:19 DEBUG PreProceso:50 - Parametro: obtenerN.images = 
2016-04-24 02:00:19 DEBUG PreProceso:51 - Parametro: writeImage.to = ppm
2016-04-24 02:00:19 DEBUG Configuracion:53 - Config:Cargando propiedades del fichero:c:\ETL_Mnist\es\uem\config\configuracion.properties
2016-04-24 02:00:19 DEBUG PreProceso:32 - Preparando para procesar: 1000 images
2016-04-24 02:00:19 DEBUG PreProceso:41 - Colección previamente descargada en: C:\uem\PFG\trabajo\MNIST/MNIST
2016-04-24 02:00:19 DEBUG PreProceso:53 - Generando imágenes PPM
2016-04-24 02:00:19 DEBUG PreProceso:54 - Write Image To PPM: 1000
2016-04-24 02:00:19 DEBUG PreProceso:58 - Label:5
2016-04-24 02:00:19 DEBUG PreProceso:58 - Label:0
2016-04-24 02:00:19 DEBUG PreProceso:58 - Label:4
2016-04-24 02:00:19 DEBUG PreProceso:58 - Label:1
2016-04-24 02:00:19 DEBUG PreProceso:58 - Label:9
2016-04-24 02:00:19 DEBUG PreProceso:58 - Label:2
2016-04-24 02:00:19 DEBUG PreProceso:58 - Label:1
2016-04-24 02:00:19 DEBUG PreProceso:58 - Label:3
2016-04-24 02:00:19 DEBUG PreProceso:58 - Label:1
2016-04-24 02:00:19 DEBUG PreProceso:58 - Label:4
2016-04-24 02:00:19 DEBUG PreProceso:58 - Label:3
2016-04-24 02:00:19 DEBUG PreProceso:58 - Label:5
2016-04-24 02:00:19 DEBUG PreProceso:58 - Label:3
2016-04-24 02:00:19 DEBUG PreProceso:58 - Label:6
2016-04-24 02:00:19 DEBUG PreProceso:58 - Label:1
2016-04-24 02:00:19 DEBUG PreProceso:58 - Label:7
2016-04-24 02:00:19 DEBUG PreProceso:58 - Label:2
2016-04-24 02:00:19 DEBUG PreProceso:58 - Label:8
2016-04-24 02:00:19 DEBUG PreProceso:58 - Label:6
2016-04-24 02:00:19 DEBUG PreProceso:58 - Label:9
2016-04-24 02:00:19 DEBUG PreProceso:58 - Label:4
2016-04-24 02:00:19 DEBUG PreProceso:58 - Label:0
2016-04-24 02:00:19 DEBUG PreProceso:58 - Label:9
2016-04-24 02:00:19 DEBUG PreProceso:58 - Label:1
2016-04-24 02:00:19 DEBUG PreProceso:58 - Label:1
2016-04-24 02:00:19 DEBUG PreProceso:58 - Label:2
2016-04-24 02:00:19 DEBUG PreProceso:58 - Label:4
2016-04-24 02:00:19 DEBUG PreProceso:58 - Label:3
2016-04-24 02:00:19 DEBUG PreProceso:58 - Label:2
2016-04-24 02:00:19 DEBUG PreProceso:58 - Label:7
2016-04-24 02:00:19 DEBUG PreProceso:58 - Label:3
2016-04-24 02:00:19 DEBUG PreProceso:58 - Label:8
2016-04-24 02:00:19 DEBUG PreProceso:58 - Label:6
2016-04-24 02:00:19 DEBUG PreProceso:58 - Label:9
2016-04-24 02:00:19 DEBUG PreProceso:58 - Label:0
2016-04-24 02:00:19 DEBUG PreProceso:58 - Label:5
2016-04-24 02:00:19 DEBUG PreProceso:58 - Label:6
2016-04-24 02:00:19 DEBUG PreProceso:58 - Label:0
2016-04-24 02:00:19 DEBUG PreProceso:58 - Label:7
2016-04-24 02:00:19 DEBUG PreProceso:58 - Label:6
2016-04-24 02:00:19 DEBUG PreProceso:58 - Label:1
2016-04-24 02:00:19 DEBUG PreProceso:58 - Label:8
2016-04-24 02:00:19 DEBUG PreProceso:58 - Label:7
2016-04-24 02:00:19 DEBUG PreProceso:58 - Label:9
2016-04-24 02:00:19 DEBUG PreProceso:58 - Label:3
2016-04-24 02:00:19 DEBUG PreProceso:58 - Label:9
2016-04-24 02:00:19 DEBUG PreProceso:58 - Label:8
2016-04-24 02:00:19 DEBUG PreProceso:58 - Label:5
2016-04-24 02:00:19 DEBUG PreProceso:58 - Label:9
2016-04-24 02:00:19 DEBUG PreProceso:58 - Label:3
2016-04-24 02:00:19 DEBUG PreProceso:58 - Label:3
2016-04-24 02:00:19 DEBUG PreProceso:58 - Label:0
2016-04-24 02:00:19 DEBUG PreProceso:58 - Label:7
2016-04-24 02:00:19 DEBUG PreProceso:58 - Label:4
2016-04-24 02:00:19 DEBUG PreProceso:58 - Label:9
2016-04-24 02:00:19 DEBUG PreProceso:58 - Label:8
2016-04-24 02:00:19 DEBUG PreProceso:58 - Label:0
2016-04-24 02:00:19 DEBUG PreProceso:58 - Label:9
2016-04-24 02:00:19 DEBUG PreProceso:58 - Label:4
2016-04-24 02:00:19 DEBUG PreProceso:58 - Label:1
2016-04-24 02:00:19 DEBUG PreProceso:58 - Label:4
2016-04-24 02:00:19 DEBUG PreProceso:58 - Label:4
2016-04-24 02:00:19 DEBUG PreProceso:58 - Label:6
2016-04-24 02:00:19 DEBUG PreProceso:58 - Label:0
2016-04-24 02:00:19 DEBUG PreProceso:58 - Label:4
2016-04-24 02:00:19 DEBUG PreProceso:58 - Label:5
2016-04-24 02:00:19 DEBUG PreProceso:58 - Label:6
2016-04-24 02:00:19 DEBUG PreProceso:58 - Label:1
2016-04-24 02:00:19 DEBUG PreProceso:58 - Label:0
2016-04-24 02:00:19 DEBUG PreProceso:58 - Label:0
2016-04-24 02:00:19 DEBUG PreProceso:58 - Label:1
2016-04-24 02:00:19 DEBUG PreProceso:58 - Label:7
2016-04-24 02:00:19 DEBUG PreProceso:58 - Label:1
2016-04-24 02:00:19 DEBUG PreProceso:58 - Label:6
2016-04-24 02:00:19 DEBUG PreProceso:58 - Label:3
2016-04-24 02:00:19 DEBUG PreProceso:58 - Label:0
2016-04-24 02:00:19 DEBUG PreProceso:58 - Label:2
2016-04-24 02:00:19 DEBUG PreProceso:58 - Label:1
2016-04-24 02:00:19 DEBUG PreProceso:58 - Label:1
2016-04-24 02:00:19 DEBUG PreProceso:58 - Label:7
2016-04-24 02:00:19 DEBUG PreProceso:58 - Label:9
2016-04-24 02:00:19 DEBUG PreProceso:58 - Label:0
2016-04-24 02:00:19 DEBUG PreProceso:58 - Label:2
2016-04-24 02:00:19 DEBUG PreProceso:58 - Label:6
2016-04-24 02:00:19 DEBUG PreProceso:58 - Label:7
2016-04-24 02:00:19 DEBUG PreProceso:58 - Label:8
2016-04-24 02:00:19 DEBUG PreProceso:58 - Label:3
2016-04-24 02:00:19 DEBUG PreProceso:58 - Label:9
2016-04-24 02:00:19 DEBUG PreProceso:58 - Label:0
2016-04-24 02:00:19 DEBUG PreProceso:58 - Label:4
2016-04-24 02:00:19 DEBUG PreProceso:58 - Label:6
2016-04-24 02:00:19 DEBUG PreProceso:58 - Label:7
2016-04-24 02:00:19 DEBUG PreProceso:58 - Label:4
2016-04-24 02:00:19 DEBUG PreProceso:58 - Label:6
2016-04-24 02:00:19 DEBUG PreProceso:58 - Label:8
2016-04-24 02:00:19 DEBUG PreProceso:58 - Label:0
2016-04-24 02:00:19 DEBUG PreProceso:58 - Label:7
2016-04-24 02:00:19 DEBUG PreProceso:58 - Label:8
2016-04-24 02:00:19 DEBUG PreProceso:58 - Label:3
2016-04-24 02:00:19 DEBUG PreProceso:58 - Label:1
2016-04-24 02:00:19 DEBUG PreProceso:58 - Label:5
2016-04-24 02:00:19 DEBUG PreProceso:58 - Label:7
2016-04-24 02:00:19 DEBUG PreProceso:58 - Label:1
2016-04-24 02:00:19 DEBUG PreProceso:58 - Label:7
2016-04-24 02:00:19 DEBUG PreProceso:58 - Label:1
2016-04-24 02:00:19 DEBUG PreProceso:58 - Label:1
2016-04-24 02:00:19 DEBUG PreProceso:58 - Label:6
2016-04-24 02:00:19 DEBUG PreProceso:58 - Label:3
2016-04-24 02:00:19 DEBUG PreProceso:58 - Label:0
2016-04-24 02:00:19 DEBUG PreProceso:58 - Label:2
2016-04-24 02:00:19 DEBUG PreProceso:58 - Label:9
2016-04-24 02:00:19 DEBUG PreProceso:58 - Label:3
2016-04-24 02:00:19 DEBUG PreProceso:58 - Label:1
2016-04-24 02:00:19 DEBUG PreProceso:58 - Label:1
2016-04-24 02:00:19 DEBUG PreProceso:58 - Label:0
2016-04-24 02:00:19 DEBUG PreProceso:58 - Label:4
2016-04-24 02:00:19 DEBUG PreProceso:58 - Label:9
2016-04-24 02:00:19 DEBUG PreProceso:58 - Label:2
2016-04-24 02:00:19 DEBUG PreProceso:58 - Label:0
2016-04-24 02:00:19 DEBUG PreProceso:58 - Label:0
2016-04-24 02:00:19 DEBUG PreProceso:58 - Label:2
2016-04-24 02:00:19 DEBUG PreProceso:58 - Label:0
2016-04-24 02:00:19 DEBUG PreProceso:58 - Label:2
2016-04-24 02:00:19 DEBUG PreProceso:58 - Label:7
2016-04-24 02:00:19 DEBUG PreProceso:58 - Label:1
2016-04-24 02:00:19 DEBUG PreProceso:58 - Label:8
2016-04-24 02:00:19 DEBUG PreProceso:58 - Label:6
2016-04-24 02:00:19 DEBUG PreProceso:58 - Label:4
2016-04-24 02:00:19 DEBUG PreProceso:58 - Label:1
2016-04-24 02:00:19 DEBUG PreProceso:58 - Label:6
2016-04-24 02:00:19 DEBUG PreProceso:58 - Label:3
2016-04-24 02:00:19 DEBUG PreProceso:58 - Label:4
2016-04-24 02:00:19 DEBUG PreProceso:58 - Label:5
2016-04-24 02:00:19 DEBUG PreProceso:58 - Label:9
2016-04-24 02:00:19 DEBUG PreProceso:58 - Label:1
2016-04-24 02:00:19 DEBUG PreProceso:58 - Label:3
2016-04-24 02:00:19 DEBUG PreProceso:58 - Label:3
2016-04-24 02:00:19 DEBUG PreProceso:58 - Label:8
2016-04-24 02:00:19 DEBUG PreProceso:58 - Label:5
2016-04-24 02:00:19 DEBUG PreProceso:58 - Label:4
2016-04-24 02:00:19 DEBUG PreProceso:58 - Label:7
2016-04-24 02:00:19 DEBUG PreProceso:58 - Label:7
2016-04-24 02:00:19 DEBUG PreProceso:58 - Label:4
2016-04-24 02:00:19 DEBUG PreProceso:58 - Label:2
2016-04-24 02:00:19 DEBUG PreProceso:58 - Label:8
2016-04-24 02:00:19 DEBUG PreProceso:58 - Label:5
2016-04-24 02:00:19 DEBUG PreProceso:58 - Label:8
2016-04-24 02:00:19 DEBUG PreProceso:58 - Label:6
2016-04-24 02:00:19 DEBUG PreProceso:58 - Label:7
2016-04-24 02:00:19 DEBUG PreProceso:58 - Label:3
2016-04-24 02:00:19 DEBUG PreProceso:58 - Label:4
2016-04-24 02:00:19 DEBUG PreProceso:58 - Label:6
2016-04-24 02:00:19 DEBUG PreProceso:58 - Label:1
2016-04-24 02:00:19 DEBUG PreProceso:58 - Label:9
2016-04-24 02:00:19 DEBUG PreProceso:58 - Label:9
2016-04-24 02:00:19 DEBUG PreProceso:58 - Label:6
2016-04-24 02:00:19 DEBUG PreProceso:58 - Label:0
2016-04-24 02:00:19 DEBUG PreProceso:58 - Label:3
2016-04-24 02:00:19 DEBUG PreProceso:58 - Label:7
2016-04-24 02:00:19 DEBUG PreProceso:58 - Label:2
2016-04-24 02:00:19 DEBUG PreProceso:58 - Label:8
2016-04-24 02:00:19 DEBUG PreProceso:58 - Label:2
2016-04-24 02:00:19 DEBUG PreProceso:58 - Label:9
2016-04-24 02:00:19 DEBUG PreProceso:58 - Label:4
2016-04-24 02:00:19 DEBUG PreProceso:58 - Label:4
2016-04-24 02:00:19 DEBUG PreProceso:58 - Label:6
2016-04-24 02:00:19 DEBUG PreProceso:58 - Label:4
2016-04-24 02:00:19 DEBUG PreProceso:58 - Label:9
2016-04-24 02:00:19 DEBUG PreProceso:58 - Label:7
2016-04-24 02:00:19 DEBUG PreProceso:58 - Label:0
2016-04-24 02:00:19 DEBUG PreProceso:58 - Label:9
2016-04-24 02:00:19 DEBUG PreProceso:58 - Label:2
2016-04-24 02:00:19 DEBUG PreProceso:58 - Label:9
2016-04-24 02:00:19 DEBUG PreProceso:58 - Label:5
2016-04-24 02:00:19 DEBUG PreProceso:58 - Label:1
2016-04-24 02:00:19 DEBUG PreProceso:58 - Label:5
2016-04-24 02:00:19 DEBUG PreProceso:58 - Label:9
2016-04-24 02:00:19 DEBUG PreProceso:58 - Label:1
2016-04-24 02:00:19 DEBUG PreProceso:58 - Label:2
2016-04-24 02:00:19 DEBUG PreProceso:58 - Label:3
2016-04-24 02:00:19 DEBUG PreProceso:58 - Label:2
2016-04-24 02:00:19 DEBUG PreProceso:58 - Label:3
2016-04-24 02:00:19 DEBUG PreProceso:58 - Label:5
2016-04-24 02:00:19 DEBUG PreProceso:58 - Label:9
2016-04-24 02:00:19 DEBUG PreProceso:58 - Label:1
2016-04-24 02:00:19 DEBUG PreProceso:58 - Label:7
2016-04-24 02:00:19 DEBUG PreProceso:58 - Label:6
2016-04-24 02:00:19 DEBUG PreProceso:58 - Label:2
2016-04-24 02:00:19 DEBUG PreProceso:58 - Label:8
2016-04-24 02:00:19 DEBUG PreProceso:58 - Label:2
2016-04-24 02:00:19 DEBUG PreProceso:58 - Label:2
2016-04-24 02:00:19 DEBUG PreProceso:58 - Label:5
2016-04-24 02:00:19 DEBUG PreProceso:58 - Label:0
2016-04-24 02:00:19 DEBUG PreProceso:58 - Label:7
2016-04-24 02:00:19 DEBUG PreProceso:58 - Label:4
2016-04-24 02:00:19 DEBUG PreProceso:58 - Label:9
2016-04-24 02:00:19 DEBUG PreProceso:58 - Label:7
2016-04-24 02:00:19 DEBUG PreProceso:58 - Label:8
2016-04-24 02:00:19 DEBUG PreProceso:58 - Label:3
2016-04-24 02:00:19 DEBUG PreProceso:58 - Label:2
2016-04-24 02:00:19 DEBUG PreProceso:58 - Label:1
2016-04-24 02:00:19 DEBUG PreProceso:58 - Label:1
2016-04-24 02:00:19 DEBUG PreProceso:58 - Label:8
2016-04-24 02:00:19 DEBUG PreProceso:58 - Label:3
2016-04-24 02:00:19 DEBUG PreProceso:58 - Label:6
2016-04-24 02:00:19 DEBUG PreProceso:58 - Label:1
2016-04-24 02:00:19 DEBUG PreProceso:58 - Label:0
2016-04-24 02:00:19 DEBUG PreProceso:58 - Label:3
2016-04-24 02:00:19 DEBUG PreProceso:58 - Label:1
2016-04-24 02:00:19 DEBUG PreProceso:58 - Label:0
2016-04-24 02:00:19 DEBUG PreProceso:58 - Label:0
2016-04-24 02:00:19 DEBUG PreProceso:58 - Label:1
2016-04-24 02:00:19 DEBUG PreProceso:58 - Label:7
2016-04-24 02:00:19 DEBUG PreProceso:58 - Label:2
2016-04-24 02:00:19 DEBUG PreProceso:58 - Label:7
2016-04-24 02:00:19 DEBUG PreProceso:58 - Label:3
2016-04-24 02:00:19 DEBUG PreProceso:58 - Label:0
2016-04-24 02:00:19 DEBUG PreProceso:58 - Label:4
2016-04-24 02:00:19 DEBUG PreProceso:58 - Label:6
2016-04-24 02:00:19 DEBUG PreProceso:58 - Label:5
2016-04-24 02:00:19 DEBUG PreProceso:58 - Label:2
2016-04-24 02:00:19 DEBUG PreProceso:58 - Label:6
2016-04-24 02:00:19 DEBUG PreProceso:58 - Label:4
2016-04-24 02:00:19 DEBUG PreProceso:58 - Label:7
2016-04-24 02:00:19 DEBUG PreProceso:58 - Label:1
2016-04-24 02:00:19 DEBUG PreProceso:58 - Label:8
2016-04-24 02:00:19 DEBUG PreProceso:58 - Label:9
2016-04-24 02:00:19 DEBUG PreProceso:58 - Label:9
2016-04-24 02:00:19 DEBUG PreProceso:58 - Label:3
2016-04-24 02:00:19 DEBUG PreProceso:58 - Label:0
2016-04-24 02:00:19 DEBUG PreProceso:58 - Label:7
2016-04-24 02:00:19 DEBUG PreProceso:58 - Label:1
2016-04-24 02:00:19 DEBUG PreProceso:58 - Label:0
2016-04-24 02:00:19 DEBUG PreProceso:58 - Label:2
2016-04-24 02:00:19 DEBUG PreProceso:58 - Label:0
2016-04-24 02:00:19 DEBUG PreProceso:58 - Label:3
2016-04-24 02:00:19 DEBUG PreProceso:58 - Label:5
2016-04-24 02:00:19 DEBUG PreProceso:58 - Label:4
2016-04-24 02:00:19 DEBUG PreProceso:58 - Label:6
2016-04-24 02:00:19 DEBUG PreProceso:58 - Label:5
2016-04-24 02:00:19 DEBUG PreProceso:58 - Label:8
2016-04-24 02:00:19 DEBUG PreProceso:58 - Label:6
2016-04-24 02:00:19 DEBUG PreProceso:58 - Label:3
2016-04-24 02:00:19 DEBUG PreProceso:58 - Label:7
2016-04-24 02:00:19 DEBUG PreProceso:58 - Label:5
2016-04-24 02:00:19 DEBUG PreProceso:58 - Label:8
2016-04-24 02:00:19 DEBUG PreProceso:58 - Label:0
2016-04-24 02:00:19 DEBUG PreProceso:58 - Label:9
2016-04-24 02:00:19 DEBUG PreProceso:58 - Label:1
2016-04-24 02:00:19 DEBUG PreProceso:58 - Label:0
2016-04-24 02:00:19 DEBUG PreProceso:58 - Label:3
2016-04-24 02:00:19 DEBUG PreProceso:58 - Label:1
2016-04-24 02:00:19 DEBUG PreProceso:58 - Label:2
2016-04-24 02:00:19 DEBUG PreProceso:58 - Label:2
2016-04-24 02:00:19 DEBUG PreProceso:58 - Label:3
2016-04-24 02:00:19 DEBUG PreProceso:58 - Label:3
2016-04-24 02:00:19 DEBUG PreProceso:58 - Label:6
2016-04-24 02:00:19 DEBUG PreProceso:58 - Label:4
2016-04-24 02:00:19 DEBUG PreProceso:58 - Label:7
2016-04-24 02:00:19 DEBUG PreProceso:58 - Label:5
2016-04-24 02:00:19 DEBUG PreProceso:58 - Label:0
2016-04-24 02:00:19 DEBUG PreProceso:58 - Label:6
2016-04-24 02:00:19 DEBUG PreProceso:58 - Label:2
2016-04-24 02:00:19 DEBUG PreProceso:58 - Label:7
2016-04-24 02:00:19 DEBUG PreProceso:58 - Label:9
2016-04-24 02:00:19 DEBUG PreProceso:58 - Label:8
2016-04-24 02:00:19 DEBUG PreProceso:58 - Label:5
2016-04-24 02:00:19 DEBUG PreProceso:58 - Label:9
2016-04-24 02:00:19 DEBUG PreProceso:58 - Label:2
2016-04-24 02:00:19 DEBUG PreProceso:58 - Label:1
2016-04-24 02:00:19 DEBUG PreProceso:58 - Label:1
2016-04-24 02:00:19 DEBUG PreProceso:58 - Label:4
2016-04-24 02:00:19 DEBUG PreProceso:58 - Label:4
2016-04-24 02:00:19 DEBUG PreProceso:58 - Label:5
2016-04-24 02:00:19 DEBUG PreProceso:58 - Label:6
2016-04-24 02:00:19 DEBUG PreProceso:58 - Label:4
2016-04-24 02:00:19 DEBUG PreProceso:58 - Label:1
2016-04-24 02:00:19 DEBUG PreProceso:58 - Label:2
2016-04-24 02:00:19 DEBUG PreProceso:58 - Label:5
2016-04-24 02:00:19 DEBUG PreProceso:58 - Label:3
2016-04-24 02:00:19 DEBUG PreProceso:58 - Label:9
2016-04-24 02:00:19 DEBUG PreProceso:58 - Label:3
2016-04-24 02:00:19 DEBUG PreProceso:58 - Label:9
2016-04-24 02:00:19 DEBUG PreProceso:58 - Label:0
2016-04-24 02:00:19 DEBUG PreProceso:58 - Label:5
2016-04-24 02:00:19 DEBUG PreProceso:58 - Label:9
2016-04-24 02:00:19 DEBUG PreProceso:58 - Label:6
2016-04-24 02:00:19 DEBUG PreProceso:58 - Label:5
2016-04-24 02:00:19 DEBUG PreProceso:58 - Label:7
2016-04-24 02:00:19 DEBUG PreProceso:58 - Label:4
2016-04-24 02:00:19 DEBUG PreProceso:58 - Label:1
2016-04-24 02:00:19 DEBUG PreProceso:58 - Label:3
2016-04-24 02:00:19 DEBUG PreProceso:58 - Label:4
2016-04-24 02:00:19 DEBUG PreProceso:58 - Label:0
2016-04-24 02:00:19 DEBUG PreProceso:58 - Label:4
2016-04-24 02:00:19 DEBUG PreProceso:58 - Label:8
2016-04-24 02:00:19 DEBUG PreProceso:58 - Label:0
2016-04-24 02:00:19 DEBUG PreProceso:58 - Label:4
2016-04-24 02:00:19 DEBUG PreProceso:58 - Label:3
2016-04-24 02:00:19 DEBUG PreProceso:58 - Label:6
2016-04-24 02:00:19 DEBUG PreProceso:58 - Label:8
2016-04-24 02:00:19 DEBUG PreProceso:58 - Label:7
2016-04-24 02:00:19 DEBUG PreProceso:58 - Label:6
2016-04-24 02:00:19 DEBUG PreProceso:58 - Label:0
2016-04-24 02:00:19 DEBUG PreProceso:58 - Label:9
2016-04-24 02:00:19 DEBUG PreProceso:58 - Label:7
2016-04-24 02:00:19 DEBUG PreProceso:58 - Label:5
2016-04-24 02:00:19 DEBUG PreProceso:58 - Label:7
2016-04-24 02:00:19 DEBUG PreProceso:58 - Label:2
2016-04-24 02:00:19 DEBUG PreProceso:58 - Label:1
2016-04-24 02:00:19 DEBUG PreProceso:58 - Label:1
2016-04-24 02:00:19 DEBUG PreProceso:58 - Label:6
2016-04-24 02:00:19 DEBUG PreProceso:58 - Label:8
2016-04-24 02:00:19 DEBUG PreProceso:58 - Label:9
2016-04-24 02:00:19 DEBUG PreProceso:58 - Label:4
2016-04-24 02:00:19 DEBUG PreProceso:58 - Label:1
2016-04-24 02:00:19 DEBUG PreProceso:58 - Label:5
2016-04-24 02:00:19 DEBUG PreProceso:58 - Label:2
2016-04-24 02:00:20 DEBUG PreProceso:58 - Label:2
2016-04-24 02:00:20 DEBUG PreProceso:58 - Label:9
2016-04-24 02:00:20 DEBUG PreProceso:58 - Label:0
2016-04-24 02:00:20 DEBUG PreProceso:58 - Label:3
2016-04-24 02:00:20 DEBUG PreProceso:58 - Label:9
2016-04-24 02:00:20 DEBUG PreProceso:58 - Label:6
2016-04-24 02:00:20 DEBUG PreProceso:58 - Label:7
2016-04-24 02:00:20 DEBUG PreProceso:58 - Label:2
2016-04-24 02:00:20 DEBUG PreProceso:58 - Label:0
2016-04-24 02:00:20 DEBUG PreProceso:58 - Label:3
2016-04-24 02:00:20 DEBUG PreProceso:58 - Label:5
2016-04-24 02:00:20 DEBUG PreProceso:58 - Label:4
2016-04-24 02:00:20 DEBUG PreProceso:58 - Label:3
2016-04-24 02:00:20 DEBUG PreProceso:58 - Label:6
2016-04-24 02:00:20 DEBUG PreProceso:58 - Label:5
2016-04-24 02:00:20 DEBUG PreProceso:58 - Label:8
2016-04-24 02:00:20 DEBUG PreProceso:58 - Label:9
2016-04-24 02:00:20 DEBUG PreProceso:58 - Label:5
2016-04-24 02:00:20 DEBUG PreProceso:58 - Label:4
2016-04-24 02:00:20 DEBUG PreProceso:58 - Label:7
2016-04-24 02:00:20 DEBUG PreProceso:58 - Label:4
2016-04-24 02:00:20 DEBUG PreProceso:58 - Label:2
2016-04-24 02:00:20 DEBUG PreProceso:58 - Label:7
2016-04-24 02:00:20 DEBUG PreProceso:58 - Label:3
2016-04-24 02:00:20 DEBUG PreProceso:58 - Label:4
2016-04-24 02:00:20 DEBUG PreProceso:58 - Label:8
2016-04-24 02:00:20 DEBUG PreProceso:58 - Label:9
2016-04-24 02:00:20 DEBUG PreProceso:58 - Label:1
2016-04-24 02:00:20 DEBUG PreProceso:58 - Label:9
2016-04-24 02:00:20 DEBUG PreProceso:58 - Label:2
2016-04-24 02:00:20 DEBUG PreProceso:58 - Label:8
2016-04-24 02:00:20 DEBUG PreProceso:58 - Label:7
2016-04-24 02:00:20 DEBUG PreProceso:58 - Label:9
2016-04-24 02:00:20 DEBUG PreProceso:58 - Label:1
2016-04-24 02:00:20 DEBUG PreProceso:58 - Label:8
2016-04-24 02:00:20 DEBUG PreProceso:58 - Label:7
2016-04-24 02:00:20 DEBUG PreProceso:58 - Label:4
2016-04-24 02:00:20 DEBUG PreProceso:58 - Label:1
2016-04-24 02:00:20 DEBUG PreProceso:58 - Label:3
2016-04-24 02:00:20 DEBUG PreProceso:58 - Label:1
2016-04-24 02:00:20 DEBUG PreProceso:58 - Label:1
2016-04-24 02:00:20 DEBUG PreProceso:58 - Label:0
2016-04-24 02:00:20 DEBUG PreProceso:58 - Label:2
2016-04-24 02:00:20 DEBUG PreProceso:58 - Label:3
2016-04-24 02:00:20 DEBUG PreProceso:58 - Label:9
2016-04-24 02:00:20 DEBUG PreProceso:58 - Label:4
2016-04-24 02:00:20 DEBUG PreProceso:58 - Label:9
2016-04-24 02:00:20 DEBUG PreProceso:58 - Label:2
2016-04-24 02:00:20 DEBUG PreProceso:58 - Label:1
2016-04-24 02:00:20 DEBUG PreProceso:58 - Label:6
2016-04-24 02:00:20 DEBUG PreProceso:58 - Label:8
2016-04-24 02:00:20 DEBUG PreProceso:58 - Label:4
2016-04-24 02:00:20 DEBUG PreProceso:58 - Label:7
2016-04-24 02:00:20 DEBUG PreProceso:58 - Label:7
2016-04-24 02:00:20 DEBUG PreProceso:58 - Label:4
2016-04-24 02:00:20 DEBUG PreProceso:58 - Label:4
2016-04-24 02:00:20 DEBUG PreProceso:58 - Label:9
2016-04-24 02:00:20 DEBUG PreProceso:58 - Label:2
2016-04-24 02:00:20 DEBUG PreProceso:58 - Label:5
2016-04-24 02:00:20 DEBUG PreProceso:58 - Label:7
2016-04-24 02:00:20 DEBUG PreProceso:58 - Label:2
2016-04-24 02:00:20 DEBUG PreProceso:58 - Label:4
2016-04-24 02:00:20 DEBUG PreProceso:58 - Label:4
2016-04-24 02:00:20 DEBUG PreProceso:58 - Label:2
2016-04-24 02:00:20 DEBUG PreProceso:58 - Label:1
2016-04-24 02:00:20 DEBUG PreProceso:58 - Label:9
2016-04-24 02:00:20 DEBUG PreProceso:58 - Label:7
2016-04-24 02:00:20 DEBUG PreProceso:58 - Label:2
2016-04-24 02:00:20 DEBUG PreProceso:58 - Label:8
2016-04-24 02:00:20 DEBUG PreProceso:58 - Label:7
2016-04-24 02:00:20 DEBUG PreProceso:58 - Label:6
2016-04-24 02:00:20 DEBUG PreProceso:58 - Label:9
2016-04-24 02:00:20 DEBUG PreProceso:58 - Label:2
2016-04-24 02:00:20 DEBUG PreProceso:58 - Label:2
2016-04-24 02:00:20 DEBUG PreProceso:58 - Label:3
2016-04-24 02:00:20 DEBUG PreProceso:58 - Label:8
2016-04-24 02:00:20 DEBUG PreProceso:58 - Label:1
2016-04-24 02:00:20 DEBUG PreProceso:58 - Label:6
2016-04-24 02:00:20 DEBUG PreProceso:58 - Label:5
2016-04-24 02:00:20 DEBUG PreProceso:58 - Label:1
2016-04-24 02:00:20 DEBUG PreProceso:58 - Label:1
2016-04-24 02:00:20 DEBUG PreProceso:58 - Label:0
2016-04-24 02:00:20 DEBUG PreProceso:58 - Label:2
2016-04-24 02:00:20 DEBUG PreProceso:58 - Label:6
2016-04-24 02:00:20 DEBUG PreProceso:58 - Label:4
2016-04-24 02:00:20 DEBUG PreProceso:58 - Label:5
2016-04-24 02:00:20 DEBUG PreProceso:58 - Label:8
2016-04-24 02:00:20 DEBUG PreProceso:58 - Label:3
2016-04-24 02:00:20 DEBUG PreProceso:58 - Label:1
2016-04-24 02:00:20 DEBUG PreProceso:58 - Label:5
2016-04-24 02:00:20 DEBUG PreProceso:58 - Label:1
2016-04-24 02:00:20 DEBUG PreProceso:58 - Label:9
2016-04-24 02:00:20 DEBUG PreProceso:58 - Label:2
2016-04-24 02:00:20 DEBUG PreProceso:58 - Label:7
2016-04-24 02:00:20 DEBUG PreProceso:58 - Label:4
2016-04-24 02:00:20 DEBUG PreProceso:58 - Label:4
2016-04-24 02:00:20 DEBUG PreProceso:58 - Label:4
2016-04-24 02:00:20 DEBUG PreProceso:58 - Label:8
2016-04-24 02:00:20 DEBUG PreProceso:58 - Label:1
2016-04-24 02:00:20 DEBUG PreProceso:58 - Label:5
2016-04-24 02:00:20 DEBUG PreProceso:58 - Label:8
2016-04-24 02:00:20 DEBUG PreProceso:58 - Label:9
2016-04-24 02:00:20 DEBUG PreProceso:58 - Label:5
2016-04-24 02:00:20 DEBUG PreProceso:58 - Label:6
2016-04-24 02:00:20 DEBUG PreProceso:58 - Label:7
2016-04-24 02:00:20 DEBUG PreProceso:58 - Label:9
2016-04-24 02:00:20 DEBUG PreProceso:58 - Label:9
2016-04-24 02:00:20 DEBUG PreProceso:58 - Label:3
2016-04-24 02:00:20 DEBUG PreProceso:58 - Label:7
2016-04-24 02:00:20 DEBUG PreProceso:58 - Label:0
2016-04-24 02:00:20 DEBUG PreProceso:58 - Label:9
2016-04-24 02:00:20 DEBUG PreProceso:58 - Label:0
2016-04-24 02:00:20 DEBUG PreProceso:58 - Label:6
2016-04-24 02:00:20 DEBUG PreProceso:58 - Label:6
2016-04-24 02:00:20 DEBUG PreProceso:58 - Label:2
2016-04-24 02:00:20 DEBUG PreProceso:58 - Label:3
2016-04-24 02:00:20 DEBUG PreProceso:58 - Label:9
2016-04-24 02:00:20 DEBUG PreProceso:58 - Label:0
2016-04-24 02:00:20 DEBUG PreProceso:58 - Label:7
2016-04-24 02:00:20 DEBUG PreProceso:58 - Label:5
2016-04-24 02:00:20 DEBUG PreProceso:58 - Label:4
2016-04-24 02:00:20 DEBUG PreProceso:58 - Label:8
2016-04-24 02:00:20 DEBUG PreProceso:58 - Label:0
2016-04-24 02:00:20 DEBUG PreProceso:58 - Label:9
2016-04-24 02:00:20 DEBUG PreProceso:58 - Label:4
2016-04-24 02:00:20 DEBUG PreProceso:58 - Label:1
2016-04-24 02:00:20 DEBUG PreProceso:58 - Label:2
2016-04-24 02:00:20 DEBUG PreProceso:58 - Label:8
2016-04-24 02:00:20 DEBUG PreProceso:58 - Label:7
2016-04-24 02:00:20 DEBUG PreProceso:58 - Label:1
2016-04-24 02:00:20 DEBUG PreProceso:58 - Label:2
2016-04-24 02:00:20 DEBUG PreProceso:58 - Label:6
2016-04-24 02:00:20 DEBUG PreProceso:58 - Label:1
2016-04-24 02:00:20 DEBUG PreProceso:58 - Label:0
2016-04-24 02:00:20 DEBUG PreProceso:58 - Label:3
2016-04-24 02:00:20 DEBUG PreProceso:58 - Label:0
2016-04-24 02:00:20 DEBUG PreProceso:58 - Label:1
2016-04-24 02:00:20 DEBUG PreProceso:58 - Label:1
2016-04-24 02:00:20 DEBUG PreProceso:58 - Label:8
2016-04-24 02:00:20 DEBUG PreProceso:58 - Label:2
2016-04-24 02:00:20 DEBUG PreProceso:58 - Label:0
2016-04-24 02:00:20 DEBUG PreProceso:58 - Label:3
2016-04-24 02:00:20 DEBUG PreProceso:58 - Label:9
2016-04-24 02:00:20 DEBUG PreProceso:58 - Label:4
2016-04-24 02:00:20 DEBUG PreProceso:58 - Label:0
2016-04-24 02:00:20 DEBUG PreProceso:58 - Label:5
2016-04-24 02:00:20 DEBUG PreProceso:58 - Label:0
2016-04-24 02:00:20 DEBUG PreProceso:58 - Label:6
2016-04-24 02:00:20 DEBUG PreProceso:58 - Label:1
2016-04-24 02:00:20 DEBUG PreProceso:58 - Label:7
2016-04-24 02:00:20 DEBUG PreProceso:58 - Label:7
2016-04-24 02:00:20 DEBUG PreProceso:58 - Label:8
2016-04-24 02:00:20 DEBUG PreProceso:58 - Label:1
2016-04-24 02:00:20 DEBUG PreProceso:58 - Label:9
2016-04-24 02:00:20 DEBUG PreProceso:58 - Label:2
2016-04-24 02:00:20 DEBUG PreProceso:58 - Label:0
2016-04-24 02:00:20 DEBUG PreProceso:58 - Label:5
2016-04-24 02:00:20 DEBUG PreProceso:58 - Label:1
2016-04-24 02:00:20 DEBUG PreProceso:58 - Label:2
2016-04-24 02:00:20 DEBUG PreProceso:58 - Label:2
2016-04-24 02:00:20 DEBUG PreProceso:58 - Label:7
2016-04-24 02:00:20 DEBUG PreProceso:58 - Label:3
2016-04-24 02:00:20 DEBUG PreProceso:58 - Label:5
2016-04-24 02:00:20 DEBUG PreProceso:58 - Label:4
2016-04-24 02:00:20 DEBUG PreProceso:58 - Label:9
2016-04-24 02:00:20 DEBUG PreProceso:58 - Label:7
2016-04-24 02:00:20 DEBUG PreProceso:58 - Label:1
2016-04-24 02:00:20 DEBUG PreProceso:58 - Label:8
2016-04-24 02:00:20 DEBUG PreProceso:58 - Label:3
2016-04-24 02:00:20 DEBUG PreProceso:58 - Label:9
2016-04-24 02:00:20 DEBUG PreProceso:58 - Label:6
2016-04-24 02:00:20 DEBUG PreProceso:58 - Label:0
2016-04-24 02:00:20 DEBUG PreProceso:58 - Label:3
2016-04-24 02:00:20 DEBUG PreProceso:58 - Label:1
2016-04-24 02:00:20 DEBUG PreProceso:58 - Label:1
2016-04-24 02:00:20 DEBUG PreProceso:58 - Label:2
2016-04-24 02:00:20 DEBUG PreProceso:58 - Label:6
2016-04-24 02:00:20 DEBUG PreProceso:58 - Label:3
2016-04-24 02:00:20 DEBUG PreProceso:58 - Label:5
2016-04-24 02:00:20 DEBUG PreProceso:58 - Label:7
2016-04-24 02:00:20 DEBUG PreProceso:58 - Label:6
2016-04-24 02:00:20 DEBUG PreProceso:58 - Label:8
2016-04-24 02:00:20 DEBUG PreProceso:58 - Label:3
2016-04-24 02:00:20 DEBUG PreProceso:58 - Label:9
2016-04-24 02:00:20 DEBUG PreProceso:58 - Label:5
2016-04-24 02:00:20 DEBUG PreProceso:58 - Label:8
2016-04-24 02:00:20 DEBUG PreProceso:58 - Label:5
2016-04-24 02:00:20 DEBUG PreProceso:58 - Label:7
2016-04-24 02:00:20 DEBUG PreProceso:58 - Label:6
2016-04-24 02:00:20 DEBUG PreProceso:58 - Label:1
2016-04-24 02:00:20 DEBUG PreProceso:58 - Label:1
2016-04-24 02:00:20 DEBUG PreProceso:58 - Label:3
2016-04-24 02:00:20 DEBUG PreProceso:58 - Label:1
2016-04-24 02:00:20 DEBUG PreProceso:58 - Label:7
2016-04-24 02:00:20 DEBUG PreProceso:58 - Label:5
2016-04-24 02:00:20 DEBUG PreProceso:58 - Label:5
2016-04-24 02:00:20 DEBUG PreProceso:58 - Label:5
2016-04-24 02:00:20 DEBUG PreProceso:58 - Label:2
2016-04-24 02:00:20 DEBUG PreProceso:58 - Label:5
2016-04-24 02:00:20 DEBUG PreProceso:58 - Label:8
2016-04-24 02:00:20 DEBUG PreProceso:58 - Label:7
2016-04-24 02:00:20 DEBUG PreProceso:58 - Label:0
2016-04-24 02:00:20 DEBUG PreProceso:58 - Label:9
2016-04-24 02:00:20 DEBUG PreProceso:58 - Label:7
2016-04-24 02:00:20 DEBUG PreProceso:58 - Label:7
2016-04-24 02:00:20 DEBUG PreProceso:58 - Label:5
2016-04-24 02:00:20 DEBUG PreProceso:58 - Label:0
2016-04-24 02:00:20 DEBUG PreProceso:58 - Label:9
2016-04-24 02:00:20 DEBUG PreProceso:58 - Label:0
2016-04-24 02:00:20 DEBUG PreProceso:58 - Label:0
2016-04-24 02:00:20 DEBUG PreProceso:58 - Label:8
2016-04-24 02:00:20 DEBUG PreProceso:58 - Label:9
2016-04-24 02:00:20 DEBUG PreProceso:58 - Label:2
2016-04-24 02:00:20 DEBUG PreProceso:58 - Label:4
2016-04-24 02:00:20 DEBUG PreProceso:58 - Label:8
2016-04-24 02:00:20 DEBUG PreProceso:58 - Label:1
2016-04-24 02:00:20 DEBUG PreProceso:58 - Label:6
2016-04-24 02:00:20 DEBUG PreProceso:58 - Label:1
2016-04-24 02:00:20 DEBUG PreProceso:58 - Label:6
2016-04-24 02:00:20 DEBUG PreProceso:58 - Label:5
2016-04-24 02:00:20 DEBUG PreProceso:58 - Label:1
2016-04-24 02:00:20 DEBUG PreProceso:58 - Label:8
2016-04-24 02:00:20 DEBUG PreProceso:58 - Label:3
2016-04-24 02:00:20 DEBUG PreProceso:58 - Label:4
2016-04-24 02:00:20 DEBUG PreProceso:58 - Label:0
2016-04-24 02:00:20 DEBUG PreProceso:58 - Label:5
2016-04-24 02:00:20 DEBUG PreProceso:58 - Label:5
2016-04-24 02:00:20 DEBUG PreProceso:58 - Label:8
2016-04-24 02:00:20 DEBUG PreProceso:58 - Label:3
2016-04-24 02:00:20 DEBUG PreProceso:58 - Label:6
2016-04-24 02:00:20 DEBUG PreProceso:58 - Label:2
2016-04-24 02:00:20 DEBUG PreProceso:58 - Label:3
2016-04-24 02:00:20 DEBUG PreProceso:58 - Label:9
2016-04-24 02:00:20 DEBUG PreProceso:58 - Label:2
2016-04-24 02:00:20 DEBUG PreProceso:58 - Label:1
2016-04-24 02:00:20 DEBUG PreProceso:58 - Label:1
2016-04-24 02:00:20 DEBUG PreProceso:58 - Label:5
2016-04-24 02:00:20 DEBUG PreProceso:58 - Label:2
2016-04-24 02:00:20 DEBUG PreProceso:58 - Label:1
2016-04-24 02:00:20 DEBUG PreProceso:58 - Label:3
2016-04-24 02:00:20 DEBUG PreProceso:58 - Label:2
2016-04-24 02:00:20 DEBUG PreProceso:58 - Label:8
2016-04-24 02:00:20 DEBUG PreProceso:58 - Label:7
2016-04-24 02:00:20 DEBUG PreProceso:58 - Label:3
2016-04-24 02:00:20 DEBUG PreProceso:58 - Label:7
2016-04-24 02:00:20 DEBUG PreProceso:58 - Label:2
2016-04-24 02:00:20 DEBUG PreProceso:58 - Label:4
2016-04-24 02:00:20 DEBUG PreProceso:58 - Label:6
2016-04-24 02:00:20 DEBUG PreProceso:58 - Label:9
2016-04-24 02:00:20 DEBUG PreProceso:58 - Label:7
2016-04-24 02:00:20 DEBUG PreProceso:58 - Label:2
2016-04-24 02:00:20 DEBUG PreProceso:58 - Label:4
2016-04-24 02:00:20 DEBUG PreProceso:58 - Label:2
2016-04-24 02:00:20 DEBUG PreProceso:58 - Label:8
2016-04-24 02:00:20 DEBUG PreProceso:58 - Label:1
2016-04-24 02:00:20 DEBUG PreProceso:58 - Label:1
2016-04-24 02:00:20 DEBUG PreProceso:58 - Label:3
2016-04-24 02:00:20 DEBUG PreProceso:58 - Label:8
2016-04-24 02:00:20 DEBUG PreProceso:58 - Label:4
2016-04-24 02:00:20 DEBUG PreProceso:58 - Label:0
2016-04-24 02:00:20 DEBUG PreProceso:58 - Label:6
2016-04-24 02:00:20 DEBUG PreProceso:58 - Label:5
2016-04-24 02:00:20 DEBUG PreProceso:58 - Label:9
2016-04-24 02:00:20 DEBUG PreProceso:58 - Label:3
2016-04-24 02:00:20 DEBUG PreProceso:58 - Label:0
2016-04-24 02:00:20 DEBUG PreProceso:58 - Label:9
2016-04-24 02:00:20 DEBUG PreProceso:58 - Label:2
2016-04-24 02:00:20 DEBUG PreProceso:58 - Label:4
2016-04-24 02:00:20 DEBUG PreProceso:58 - Label:7
2016-04-24 02:00:20 DEBUG PreProceso:58 - Label:1
2016-04-24 02:00:20 DEBUG PreProceso:58 - Label:2
2016-04-24 02:00:20 DEBUG PreProceso:58 - Label:9
2016-04-24 02:00:20 DEBUG PreProceso:58 - Label:4
2016-04-24 02:00:20 DEBUG PreProceso:58 - Label:2
2016-04-24 02:00:20 DEBUG PreProceso:58 - Label:6
2016-04-24 02:00:20 DEBUG PreProceso:58 - Label:1
2016-04-24 02:00:20 DEBUG PreProceso:58 - Label:8
2016-04-24 02:00:20 DEBUG PreProceso:58 - Label:9
2016-04-24 02:00:20 DEBUG PreProceso:58 - Label:0
2016-04-24 02:00:20 DEBUG PreProceso:58 - Label:6
2016-04-24 02:00:20 DEBUG PreProceso:58 - Label:6
2016-04-24 02:00:20 DEBUG PreProceso:58 - Label:7
2016-04-24 02:00:20 DEBUG PreProceso:58 - Label:9
2016-04-24 02:00:20 DEBUG PreProceso:58 - Label:9
2016-04-24 02:00:20 DEBUG PreProceso:58 - Label:8
2016-04-24 02:00:20 DEBUG PreProceso:58 - Label:0
2016-04-24 02:00:20 DEBUG PreProceso:58 - Label:1
2016-04-24 02:00:20 DEBUG PreProceso:58 - Label:4
2016-04-24 02:00:20 DEBUG PreProceso:58 - Label:4
2016-04-24 02:00:20 DEBUG PreProceso:58 - Label:6
2016-04-24 02:00:20 DEBUG PreProceso:58 - Label:7
2016-04-24 02:00:20 DEBUG PreProceso:58 - Label:1
2016-04-24 02:00:20 DEBUG PreProceso:58 - Label:5
2016-04-24 02:00:20 DEBUG PreProceso:58 - Label:7
2016-04-24 02:00:20 DEBUG PreProceso:58 - Label:0
2016-04-24 02:00:20 DEBUG PreProceso:58 - Label:3
2016-04-24 02:00:20 DEBUG PreProceso:58 - Label:5
2016-04-24 02:00:20 DEBUG PreProceso:58 - Label:8
2016-04-24 02:00:20 DEBUG PreProceso:58 - Label:4
2016-04-24 02:00:20 DEBUG PreProceso:58 - Label:7
2016-04-24 02:00:20 DEBUG PreProceso:58 - Label:1
2016-04-24 02:00:20 DEBUG PreProceso:58 - Label:2
2016-04-24 02:00:20 DEBUG PreProceso:58 - Label:5
2016-04-24 02:00:20 DEBUG PreProceso:58 - Label:9
2016-04-24 02:00:20 DEBUG PreProceso:58 - Label:5
2016-04-24 02:00:20 DEBUG PreProceso:58 - Label:6
2016-04-24 02:00:20 DEBUG PreProceso:58 - Label:7
2016-04-24 02:00:20 DEBUG PreProceso:58 - Label:5
2016-04-24 02:00:20 DEBUG PreProceso:58 - Label:9
2016-04-24 02:00:20 DEBUG PreProceso:58 - Label:8
2016-04-24 02:00:20 DEBUG PreProceso:58 - Label:8
2016-04-24 02:00:20 DEBUG PreProceso:58 - Label:3
2016-04-24 02:00:20 DEBUG PreProceso:58 - Label:6
2016-04-24 02:00:20 DEBUG PreProceso:58 - Label:9
2016-04-24 02:00:20 DEBUG PreProceso:58 - Label:7
2016-04-24 02:00:20 DEBUG PreProceso:58 - Label:0
2016-04-24 02:00:20 DEBUG PreProceso:58 - Label:7
2016-04-24 02:00:20 DEBUG PreProceso:58 - Label:5
2016-04-24 02:00:20 DEBUG PreProceso:58 - Label:7
2016-04-24 02:00:20 DEBUG PreProceso:58 - Label:1
2016-04-24 02:00:20 DEBUG PreProceso:58 - Label:1
2016-04-24 02:00:20 DEBUG PreProceso:58 - Label:0
2016-04-24 02:00:20 DEBUG PreProceso:58 - Label:7
2016-04-24 02:00:20 DEBUG PreProceso:58 - Label:9
2016-04-24 02:00:20 DEBUG PreProceso:58 - Label:2
2016-04-24 02:00:20 DEBUG PreProceso:58 - Label:3
2016-04-24 02:00:20 DEBUG PreProceso:58 - Label:7
2016-04-24 02:00:20 DEBUG PreProceso:58 - Label:3
2016-04-24 02:00:20 DEBUG PreProceso:58 - Label:2
2016-04-24 02:00:20 DEBUG PreProceso:58 - Label:4
2016-04-24 02:00:20 DEBUG PreProceso:58 - Label:1
2016-04-24 02:00:20 DEBUG PreProceso:58 - Label:6
2016-04-24 02:00:20 DEBUG PreProceso:58 - Label:2
2016-04-24 02:00:20 DEBUG PreProceso:58 - Label:7
2016-04-24 02:00:20 DEBUG PreProceso:58 - Label:5
2016-04-24 02:00:20 DEBUG PreProceso:58 - Label:5
2016-04-24 02:00:20 DEBUG PreProceso:58 - Label:7
2016-04-24 02:00:20 DEBUG PreProceso:58 - Label:4
2016-04-24 02:00:20 DEBUG PreProceso:58 - Label:0
2016-04-24 02:00:20 DEBUG PreProceso:58 - Label:2
2016-04-24 02:00:20 DEBUG PreProceso:58 - Label:6
2016-04-24 02:00:20 DEBUG PreProceso:58 - Label:3
2016-04-24 02:00:20 DEBUG PreProceso:58 - Label:6
2016-04-24 02:00:20 DEBUG PreProceso:58 - Label:4
2016-04-24 02:00:20 DEBUG PreProceso:58 - Label:0
2016-04-24 02:00:20 DEBUG PreProceso:58 - Label:4
2016-04-24 02:00:20 DEBUG PreProceso:58 - Label:2
2016-04-24 02:00:20 DEBUG PreProceso:58 - Label:6
2016-04-24 02:00:20 DEBUG PreProceso:58 - Label:0
2016-04-24 02:00:20 DEBUG PreProceso:58 - Label:0
2016-04-24 02:00:20 DEBUG PreProceso:58 - Label:0
2016-04-24 02:00:20 DEBUG PreProceso:58 - Label:0
2016-04-24 02:00:20 DEBUG PreProceso:58 - Label:3
2016-04-24 02:00:20 DEBUG PreProceso:58 - Label:1
2016-04-24 02:00:20 DEBUG PreProceso:58 - Label:6
2016-04-24 02:00:20 DEBUG PreProceso:58 - Label:2
2016-04-24 02:00:20 DEBUG PreProceso:58 - Label:2
2016-04-24 02:00:20 DEBUG PreProceso:58 - Label:3
2016-04-24 02:00:20 DEBUG PreProceso:58 - Label:1
2016-04-24 02:00:20 DEBUG PreProceso:58 - Label:4
2016-04-24 02:00:20 DEBUG PreProceso:58 - Label:1
2016-04-24 02:00:20 DEBUG PreProceso:58 - Label:5
2016-04-24 02:00:20 DEBUG PreProceso:58 - Label:4
2016-04-24 02:00:20 DEBUG PreProceso:58 - Label:6
2016-04-24 02:00:20 DEBUG PreProceso:58 - Label:4
2016-04-24 02:00:20 DEBUG PreProceso:58 - Label:7
2016-04-24 02:00:20 DEBUG PreProceso:58 - Label:2
2016-04-24 02:00:20 DEBUG PreProceso:58 - Label:8
2016-04-24 02:00:20 DEBUG PreProceso:58 - Label:7
2016-04-24 02:00:20 DEBUG PreProceso:58 - Label:9
2016-04-24 02:00:20 DEBUG PreProceso:58 - Label:2
2016-04-24 02:00:20 DEBUG PreProceso:58 - Label:0
2016-04-24 02:00:20 DEBUG PreProceso:58 - Label:5
2016-04-24 02:00:20 DEBUG PreProceso:58 - Label:1
2016-04-24 02:00:20 DEBUG PreProceso:58 - Label:4
2016-04-24 02:00:20 DEBUG PreProceso:58 - Label:2
2016-04-24 02:00:20 DEBUG PreProceso:58 - Label:8
2016-04-24 02:00:20 DEBUG PreProceso:58 - Label:3
2016-04-24 02:00:20 DEBUG PreProceso:58 - Label:2
2016-04-24 02:00:20 DEBUG PreProceso:58 - Label:4
2016-04-24 02:00:20 DEBUG PreProceso:58 - Label:1
2016-04-24 02:00:20 DEBUG PreProceso:58 - Label:5
2016-04-24 02:00:20 DEBUG PreProceso:58 - Label:4
2016-04-24 02:00:20 DEBUG PreProceso:58 - Label:6
2016-04-24 02:00:20 DEBUG PreProceso:58 - Label:0
2016-04-24 02:00:20 DEBUG PreProceso:58 - Label:7
2016-04-24 02:00:20 DEBUG PreProceso:58 - Label:9
2016-04-24 02:00:20 DEBUG PreProceso:58 - Label:8
2016-04-24 02:00:20 DEBUG PreProceso:58 - Label:4
2016-04-24 02:00:20 DEBUG PreProceso:58 - Label:9
2016-04-24 02:00:20 DEBUG PreProceso:58 - Label:8
2016-04-24 02:00:20 DEBUG PreProceso:58 - Label:0
2016-04-24 02:00:20 DEBUG PreProceso:58 - Label:1
2016-04-24 02:00:20 DEBUG PreProceso:58 - Label:1
2016-04-24 02:00:20 DEBUG PreProceso:58 - Label:0
2016-04-24 02:00:20 DEBUG PreProceso:58 - Label:2
2016-04-24 02:00:20 DEBUG PreProceso:58 - Label:2
2016-04-24 02:00:20 DEBUG PreProceso:58 - Label:3
2016-04-24 02:00:20 DEBUG PreProceso:58 - Label:2
2016-04-24 02:00:20 DEBUG PreProceso:58 - Label:4
2016-04-24 02:00:20 DEBUG PreProceso:58 - Label:4
2016-04-24 02:00:20 DEBUG PreProceso:58 - Label:5
2016-04-24 02:00:20 DEBUG PreProceso:58 - Label:8
2016-04-24 02:00:20 DEBUG PreProceso:58 - Label:6
2016-04-24 02:00:20 DEBUG PreProceso:58 - Label:5
2016-04-24 02:00:20 DEBUG PreProceso:58 - Label:7
2016-04-24 02:00:20 DEBUG PreProceso:58 - Label:7
2016-04-24 02:00:20 DEBUG PreProceso:58 - Label:8
2016-04-24 02:00:20 DEBUG PreProceso:58 - Label:8
2016-04-24 02:00:20 DEBUG PreProceso:58 - Label:9
2016-04-24 02:00:20 DEBUG PreProceso:58 - Label:7
2016-04-24 02:00:20 DEBUG PreProceso:58 - Label:4
2016-04-24 02:00:20 DEBUG PreProceso:58 - Label:7
2016-04-24 02:00:20 DEBUG PreProceso:58 - Label:3
2016-04-24 02:00:20 DEBUG PreProceso:58 - Label:2
2016-04-24 02:00:20 DEBUG PreProceso:58 - Label:0
2016-04-24 02:00:20 DEBUG PreProceso:58 - Label:8
2016-04-24 02:00:20 DEBUG PreProceso:58 - Label:6
2016-04-24 02:00:20 DEBUG PreProceso:58 - Label:8
2016-04-24 02:00:20 DEBUG PreProceso:58 - Label:6
2016-04-24 02:00:20 DEBUG PreProceso:58 - Label:1
2016-04-24 02:00:20 DEBUG PreProceso:58 - Label:6
2016-04-24 02:00:20 DEBUG PreProceso:58 - Label:8
2016-04-24 02:00:20 DEBUG PreProceso:58 - Label:9
2016-04-24 02:00:20 DEBUG PreProceso:58 - Label:4
2016-04-24 02:00:20 DEBUG PreProceso:58 - Label:0
2016-04-24 02:00:20 DEBUG PreProceso:58 - Label:9
2016-04-24 02:00:20 DEBUG PreProceso:58 - Label:0
2016-04-24 02:00:20 DEBUG PreProceso:58 - Label:4
2016-04-24 02:00:20 DEBUG PreProceso:58 - Label:1
2016-04-24 02:00:20 DEBUG PreProceso:58 - Label:5
2016-04-24 02:00:20 DEBUG PreProceso:58 - Label:4
2016-04-24 02:00:20 DEBUG PreProceso:58 - Label:7
2016-04-24 02:00:20 DEBUG PreProceso:58 - Label:5
2016-04-24 02:00:21 DEBUG PreProceso:58 - Label:3
2016-04-24 02:00:21 DEBUG PreProceso:58 - Label:7
2016-04-24 02:00:21 DEBUG PreProceso:58 - Label:4
2016-04-24 02:00:21 DEBUG PreProceso:58 - Label:9
2016-04-24 02:00:21 DEBUG PreProceso:58 - Label:8
2016-04-24 02:00:21 DEBUG PreProceso:58 - Label:5
2016-04-24 02:00:21 DEBUG PreProceso:58 - Label:8
2016-04-24 02:00:21 DEBUG PreProceso:58 - Label:6
2016-04-24 02:00:21 DEBUG PreProceso:58 - Label:3
2016-04-24 02:00:21 DEBUG PreProceso:58 - Label:8
2016-04-24 02:00:21 DEBUG PreProceso:58 - Label:6
2016-04-24 02:00:21 DEBUG PreProceso:58 - Label:9
2016-04-24 02:00:21 DEBUG PreProceso:58 - Label:9
2016-04-24 02:00:21 DEBUG PreProceso:58 - Label:1
2016-04-24 02:00:21 DEBUG PreProceso:58 - Label:8
2016-04-24 02:00:21 DEBUG PreProceso:58 - Label:3
2016-04-24 02:00:21 DEBUG PreProceso:58 - Label:5
2016-04-24 02:00:21 DEBUG PreProceso:58 - Label:8
2016-04-24 02:00:21 DEBUG PreProceso:58 - Label:6
2016-04-24 02:00:21 DEBUG PreProceso:58 - Label:5
2016-04-24 02:00:21 DEBUG PreProceso:58 - Label:9
2016-04-24 02:00:21 DEBUG PreProceso:58 - Label:7
2016-04-24 02:00:21 DEBUG PreProceso:58 - Label:2
2016-04-24 02:00:21 DEBUG PreProceso:58 - Label:5
2016-04-24 02:00:21 DEBUG PreProceso:58 - Label:0
2016-04-24 02:00:21 DEBUG PreProceso:58 - Label:8
2016-04-24 02:00:21 DEBUG PreProceso:58 - Label:5
2016-04-24 02:00:21 DEBUG PreProceso:58 - Label:1
2016-04-24 02:00:21 DEBUG PreProceso:58 - Label:1
2016-04-24 02:00:21 DEBUG PreProceso:58 - Label:0
2016-04-24 02:00:21 DEBUG PreProceso:58 - Label:9
2016-04-24 02:00:21 DEBUG PreProceso:58 - Label:1
2016-04-24 02:00:21 DEBUG PreProceso:58 - Label:8
2016-04-24 02:00:21 DEBUG PreProceso:58 - Label:6
2016-04-24 02:00:21 DEBUG PreProceso:58 - Label:7
2016-04-24 02:00:21 DEBUG PreProceso:58 - Label:0
2016-04-24 02:00:21 DEBUG PreProceso:58 - Label:9
2016-04-24 02:00:21 DEBUG PreProceso:58 - Label:3
2016-04-24 02:00:21 DEBUG PreProceso:58 - Label:0
2016-04-24 02:00:21 DEBUG PreProceso:58 - Label:8
2016-04-24 02:00:21 DEBUG PreProceso:58 - Label:8
2016-04-24 02:00:21 DEBUG PreProceso:58 - Label:9
2016-04-24 02:00:21 DEBUG PreProceso:58 - Label:6
2016-04-24 02:00:21 DEBUG PreProceso:58 - Label:7
2016-04-24 02:00:21 DEBUG PreProceso:58 - Label:8
2016-04-24 02:00:21 DEBUG PreProceso:58 - Label:4
2016-04-24 02:00:21 DEBUG PreProceso:58 - Label:7
2016-04-24 02:00:21 DEBUG PreProceso:58 - Label:5
2016-04-24 02:00:21 DEBUG PreProceso:58 - Label:9
2016-04-24 02:00:21 DEBUG PreProceso:58 - Label:2
2016-04-24 02:00:21 DEBUG PreProceso:58 - Label:6
2016-04-24 02:00:21 DEBUG PreProceso:58 - Label:7
2016-04-24 02:00:21 DEBUG PreProceso:58 - Label:4
2016-04-24 02:00:21 DEBUG PreProceso:58 - Label:5
2016-04-24 02:00:21 DEBUG PreProceso:58 - Label:9
2016-04-24 02:00:21 DEBUG PreProceso:58 - Label:2
2016-04-24 02:00:21 DEBUG PreProceso:58 - Label:3
2016-04-24 02:00:21 DEBUG PreProceso:58 - Label:1
2016-04-24 02:00:21 DEBUG PreProceso:58 - Label:6
2016-04-24 02:00:21 DEBUG PreProceso:58 - Label:3
2016-04-24 02:00:21 DEBUG PreProceso:58 - Label:9
2016-04-24 02:00:21 DEBUG PreProceso:58 - Label:2
2016-04-24 02:00:21 DEBUG PreProceso:58 - Label:2
2016-04-24 02:00:21 DEBUG PreProceso:58 - Label:5
2016-04-24 02:00:21 DEBUG PreProceso:58 - Label:6
2016-04-24 02:00:21 DEBUG PreProceso:58 - Label:8
2016-04-24 02:00:21 DEBUG PreProceso:58 - Label:0
2016-04-24 02:00:21 DEBUG PreProceso:58 - Label:7
2016-04-24 02:00:21 DEBUG PreProceso:58 - Label:7
2016-04-24 02:00:21 DEBUG PreProceso:58 - Label:1
2016-04-24 02:00:21 DEBUG PreProceso:58 - Label:9
2016-04-24 02:00:21 DEBUG PreProceso:58 - Label:8
2016-04-24 02:00:21 DEBUG PreProceso:58 - Label:7
2016-04-24 02:00:21 DEBUG PreProceso:58 - Label:0
2016-04-24 02:00:21 DEBUG PreProceso:58 - Label:9
2016-04-24 02:00:21 DEBUG PreProceso:58 - Label:9
2016-04-24 02:00:21 DEBUG PreProceso:58 - Label:4
2016-04-24 02:00:21 DEBUG PreProceso:58 - Label:6
2016-04-24 02:00:21 DEBUG PreProceso:58 - Label:2
2016-04-24 02:00:21 DEBUG PreProceso:58 - Label:8
2016-04-24 02:00:21 DEBUG PreProceso:58 - Label:5
2016-04-24 02:00:21 DEBUG PreProceso:58 - Label:1
2016-04-24 02:00:21 DEBUG PreProceso:58 - Label:4
2016-04-24 02:00:21 DEBUG PreProceso:58 - Label:1
2016-04-24 02:00:21 DEBUG PreProceso:58 - Label:5
2016-04-24 02:00:21 DEBUG PreProceso:58 - Label:5
2016-04-24 02:00:21 DEBUG PreProceso:58 - Label:1
2016-04-24 02:00:21 DEBUG PreProceso:58 - Label:7
2016-04-24 02:00:21 DEBUG PreProceso:58 - Label:3
2016-04-24 02:00:21 DEBUG PreProceso:58 - Label:6
2016-04-24 02:00:21 DEBUG PreProceso:58 - Label:4
2016-04-24 02:00:21 DEBUG PreProceso:58 - Label:3
2016-04-24 02:00:21 DEBUG PreProceso:58 - Label:2
2016-04-24 02:00:21 DEBUG PreProceso:58 - Label:5
2016-04-24 02:00:21 DEBUG PreProceso:58 - Label:6
2016-04-24 02:00:21 DEBUG PreProceso:58 - Label:4
2016-04-24 02:00:21 DEBUG PreProceso:58 - Label:4
2016-04-24 02:00:21 DEBUG PreProceso:58 - Label:0
2016-04-24 02:00:21 DEBUG PreProceso:58 - Label:4
2016-04-24 02:00:21 DEBUG PreProceso:58 - Label:4
2016-04-24 02:00:21 DEBUG PreProceso:58 - Label:6
2016-04-24 02:00:21 DEBUG PreProceso:58 - Label:7
2016-04-24 02:00:21 DEBUG PreProceso:58 - Label:2
2016-04-24 02:00:21 DEBUG PreProceso:58 - Label:4
2016-04-24 02:00:21 DEBUG PreProceso:58 - Label:3
2016-04-24 02:00:21 DEBUG PreProceso:58 - Label:3
2016-04-24 02:00:21 DEBUG PreProceso:58 - Label:8
2016-04-24 02:00:21 DEBUG PreProceso:58 - Label:0
2016-04-24 02:00:21 DEBUG PreProceso:58 - Label:0
2016-04-24 02:00:21 DEBUG PreProceso:58 - Label:3
2016-04-24 02:00:21 DEBUG PreProceso:58 - Label:2
2016-04-24 02:00:21 DEBUG PreProceso:58 - Label:2
2016-04-24 02:00:21 DEBUG PreProceso:58 - Label:9
2016-04-24 02:00:21 DEBUG PreProceso:58 - Label:8
2016-04-24 02:00:21 DEBUG PreProceso:58 - Label:2
2016-04-24 02:00:21 DEBUG PreProceso:58 - Label:3
2016-04-24 02:00:21 DEBUG PreProceso:58 - Label:7
2016-04-24 02:00:21 DEBUG PreProceso:58 - Label:0
2016-04-24 02:00:21 DEBUG PreProceso:58 - Label:1
2016-04-24 02:00:21 DEBUG PreProceso:58 - Label:1
2016-04-24 02:00:21 DEBUG PreProceso:58 - Label:0
2016-04-24 02:00:21 DEBUG PreProceso:58 - Label:2
2016-04-24 02:00:21 DEBUG PreProceso:58 - Label:3
2016-04-24 02:00:21 DEBUG PreProceso:58 - Label:3
2016-04-24 02:00:21 DEBUG PreProceso:58 - Label:8
2016-04-24 02:00:21 DEBUG PreProceso:58 - Label:4
2016-04-24 02:00:21 DEBUG PreProceso:58 - Label:3
2016-04-24 02:00:21 DEBUG PreProceso:58 - Label:5
2016-04-24 02:00:21 DEBUG PreProceso:58 - Label:7
2016-04-24 02:00:21 DEBUG PreProceso:58 - Label:6
2016-04-24 02:00:21 DEBUG PreProceso:58 - Label:4
2016-04-24 02:00:21 DEBUG PreProceso:58 - Label:7
2016-04-24 02:00:21 DEBUG PreProceso:58 - Label:7
2016-04-24 02:00:21 DEBUG PreProceso:58 - Label:8
2016-04-24 02:00:21 DEBUG PreProceso:58 - Label:5
2016-04-24 02:00:21 DEBUG PreProceso:58 - Label:9
2016-04-24 02:00:21 DEBUG PreProceso:58 - Label:7
2016-04-24 02:00:21 DEBUG PreProceso:58 - Label:0
2016-04-24 02:00:21 DEBUG PreProceso:58 - Label:3
2016-04-24 02:00:21 DEBUG PreProceso:58 - Label:1
2016-04-24 02:00:21 DEBUG PreProceso:58 - Label:6
2016-04-24 02:00:21 DEBUG PreProceso:58 - Label:2
2016-04-24 02:00:21 DEBUG PreProceso:58 - Label:4
2016-04-24 02:00:21 DEBUG PreProceso:58 - Label:3
2016-04-24 02:00:21 DEBUG PreProceso:58 - Label:4
2016-04-24 02:00:21 DEBUG PreProceso:58 - Label:4
2016-04-24 02:00:21 DEBUG PreProceso:58 - Label:7
2016-04-24 02:00:21 DEBUG PreProceso:58 - Label:5
2016-04-24 02:00:21 DEBUG PreProceso:58 - Label:9
2016-04-24 02:00:21 DEBUG PreProceso:58 - Label:6
2016-04-24 02:00:21 DEBUG PreProceso:58 - Label:9
2016-04-24 02:00:21 DEBUG PreProceso:58 - Label:0
2016-04-24 02:00:21 DEBUG PreProceso:58 - Label:7
2016-04-24 02:00:21 DEBUG PreProceso:58 - Label:1
2016-04-24 02:00:21 DEBUG PreProceso:58 - Label:4
2016-04-24 02:00:21 DEBUG PreProceso:58 - Label:2
2016-04-24 02:00:21 DEBUG PreProceso:58 - Label:7
2016-04-24 02:00:21 DEBUG PreProceso:58 - Label:3
2016-04-24 02:00:21 DEBUG PreProceso:58 - Label:6
2016-04-24 02:00:21 DEBUG PreProceso:58 - Label:7
2016-04-24 02:00:21 DEBUG PreProceso:58 - Label:5
2016-04-24 02:00:21 DEBUG PreProceso:58 - Label:8
2016-04-24 02:00:21 DEBUG PreProceso:58 - Label:4
2016-04-24 02:00:21 DEBUG PreProceso:58 - Label:5
2016-04-24 02:00:21 DEBUG PreProceso:58 - Label:5
2016-04-24 02:00:21 DEBUG PreProceso:58 - Label:2
2016-04-24 02:00:21 DEBUG PreProceso:58 - Label:7
2016-04-24 02:00:21 DEBUG PreProceso:58 - Label:1
2016-04-24 02:00:21 DEBUG PreProceso:58 - Label:1
2016-04-24 02:00:21 DEBUG PreProceso:58 - Label:5
2016-04-24 02:00:21 DEBUG PreProceso:58 - Label:6
2016-04-24 02:00:21 DEBUG PreProceso:58 - Label:8
2016-04-24 02:00:21 DEBUG PreProceso:58 - Label:5
2016-04-24 02:00:21 DEBUG PreProceso:58 - Label:8
2016-04-24 02:00:21 DEBUG PreProceso:58 - Label:4
2016-04-24 02:00:21 DEBUG PreProceso:58 - Label:0
2016-04-24 02:00:21 DEBUG PreProceso:58 - Label:7
2016-04-24 02:00:21 DEBUG PreProceso:58 - Label:9
2016-04-24 02:00:21 DEBUG PreProceso:58 - Label:9
2016-04-24 02:00:21 DEBUG PreProceso:58 - Label:2
2016-04-24 02:00:21 DEBUG PreProceso:58 - Label:9
2016-04-24 02:00:21 DEBUG PreProceso:58 - Label:7
2016-04-24 02:00:21 DEBUG PreProceso:58 - Label:7
2016-04-24 02:00:21 DEBUG PreProceso:58 - Label:8
2016-04-24 02:00:21 DEBUG PreProceso:58 - Label:7
2016-04-24 02:00:21 DEBUG PreProceso:58 - Label:4
2016-04-24 02:00:21 DEBUG PreProceso:58 - Label:2
2016-04-24 02:00:21 DEBUG PreProceso:58 - Label:6
2016-04-24 02:00:21 DEBUG PreProceso:58 - Label:9
2016-04-24 02:00:21 DEBUG PreProceso:58 - Label:1
2016-04-24 02:00:21 DEBUG PreProceso:58 - Label:7
2016-04-24 02:00:21 DEBUG PreProceso:58 - Label:0
2016-04-24 02:00:21 DEBUG PreProceso:58 - Label:6
2016-04-24 02:00:21 DEBUG PreProceso:58 - Label:4
2016-04-24 02:00:21 DEBUG PreProceso:58 - Label:2
2016-04-24 02:00:21 DEBUG PreProceso:58 - Label:5
2016-04-24 02:00:21 DEBUG PreProceso:58 - Label:7
2016-04-24 02:00:21 DEBUG PreProceso:58 - Label:0
2016-04-24 02:00:21 DEBUG PreProceso:58 - Label:7
2016-04-24 02:00:21 DEBUG PreProceso:58 - Label:1
2016-04-24 02:00:21 DEBUG PreProceso:58 - Label:0
2016-04-24 02:00:21 DEBUG PreProceso:58 - Label:3
2016-04-24 02:00:21 DEBUG PreProceso:58 - Label:7
2016-04-24 02:00:21 DEBUG PreProceso:58 - Label:6
2016-04-24 02:00:21 DEBUG PreProceso:58 - Label:5
2016-04-24 02:00:21 DEBUG PreProceso:58 - Label:0
2016-04-24 02:00:21 DEBUG PreProceso:58 - Label:6
2016-04-24 02:00:21 DEBUG PreProceso:58 - Label:1
2016-04-24 02:00:21 DEBUG PreProceso:58 - Label:5
2016-04-24 02:00:21 DEBUG PreProceso:58 - Label:1
2016-04-24 02:00:21 DEBUG PreProceso:58 - Label:7
2016-04-24 02:00:21 DEBUG PreProceso:58 - Label:8
2016-04-24 02:00:21 DEBUG PreProceso:58 - Label:5
2016-04-24 02:00:21 DEBUG PreProceso:58 - Label:0
2016-04-24 02:00:21 DEBUG PreProceso:58 - Label:3
2016-04-24 02:00:21 DEBUG PreProceso:58 - Label:4
2016-04-24 02:00:21 DEBUG PreProceso:58 - Label:7
2016-04-24 02:00:21 DEBUG PreProceso:58 - Label:7
2016-04-24 02:00:21 DEBUG PreProceso:58 - Label:5
2016-04-24 02:00:21 DEBUG PreProceso:58 - Label:7
2016-04-24 02:00:21 DEBUG PreProceso:58 - Label:8
2016-04-24 02:00:21 DEBUG PreProceso:58 - Label:6
2016-04-24 02:00:21 DEBUG PreProceso:58 - Label:9
2016-04-24 02:00:21 DEBUG PreProceso:58 - Label:3
2016-04-24 02:00:21 DEBUG PreProceso:58 - Label:8
2016-04-24 02:00:21 DEBUG PreProceso:58 - Label:6
2016-04-24 02:00:21 DEBUG PreProceso:58 - Label:1
2016-04-24 02:00:21 DEBUG PreProceso:58 - Label:0
2016-04-24 02:00:21 DEBUG PreProceso:58 - Label:9
2016-04-24 02:00:21 DEBUG PreProceso:58 - Label:7
2016-04-24 02:00:21 DEBUG PreProceso:58 - Label:1
2016-04-24 02:00:21 DEBUG PreProceso:58 - Label:3
2016-04-24 02:00:21 DEBUG PreProceso:58 - Label:0
2016-04-24 02:00:21 DEBUG PreProceso:58 - Label:5
2016-04-24 02:00:21 DEBUG PreProceso:58 - Label:6
2016-04-24 02:00:21 DEBUG PreProceso:58 - Label:4
2016-04-24 02:00:21 DEBUG PreProceso:58 - Label:4
2016-04-24 02:00:21 DEBUG PreProceso:58 - Label:2
2016-04-24 02:00:21 DEBUG PreProceso:58 - Label:4
2016-04-24 02:00:21 DEBUG PreProceso:58 - Label:4
2016-04-24 02:00:21 DEBUG PreProceso:58 - Label:3
2016-04-24 02:00:21 DEBUG PreProceso:58 - Label:1
2016-04-24 02:00:21 DEBUG PreProceso:58 - Label:7
2016-04-24 02:00:21 DEBUG PreProceso:58 - Label:7
2016-04-24 02:00:21 DEBUG PreProceso:58 - Label:6
2016-04-24 02:00:21 DEBUG PreProceso:58 - Label:0
2016-04-24 02:00:21 DEBUG PreProceso:58 - Label:3
2016-04-24 02:00:21 DEBUG PreProceso:58 - Label:6
2016-04-24 02:00:21 DEBUG PreProceso:61 - Procesadas 1000 imágenes
2016-04-24 02:00:21 DEBUG PreProceso:62 - Descargada colección en: C:\uem\PFG\trabajo\MNIST
2016-04-24 02:00:21 DEBUG PreProceso:63 - Ficheros generados en: C:\uem\PFG\trabajo
